lvwenzhuo  ttys000                   Wed Feb 10 21:36 - 21:36  (00:00)
lvwenzhuo  ttys000                   Wed Feb 10 21:12 - 21:12  (00:00)
lvwenzhuo  ttys000                   Wed Feb 10 20:43 - 20:43  (00:00)
lvwenzhuo  ttys000                   Wed Feb 10 19:13 - 19:13  (00:00)
lvwenzhuo  ttys000                   Wed Feb 10 19:08 - 19:08  (00:00)
lvwenzhuo  ttys000                   Wed Feb 10 18:58 - 18:58  (00:00)
lvwenzhuo  ttys000                   Wed Feb 10 18:57 - 18:57  (00:00)
lvwenzhuo  ttys001                   Wed Feb 10 18:53 - 18:53  (00:00)
lvwenzhuo  ttys000                   Wed Feb 10 18:51 - 18:51  (00:00)
lvwenzhuo  ttys000                   Wed Feb 10 18:25 - 18:25  (00:00)
lvwenzhuo  ttys000                   Wed Feb 10 18:24 - 18:24  (00:00)
lvwenzhuo  ttys000                   Wed Feb 10 18:24 - 18:24  (00:00)
lvwenzhuo  ttys001                   Wed Feb 10 18:05 - 18:05  (00:00)
lvwenzhuo  ttys000                   Wed Feb 10 18:05 - 18:05  (00:00)
lvwenzhuo  ttys001                   Wed Feb 10 18:04 - 18:04  (00:00)
lvwenzhuo  ttys000                   Wed Feb 10 18:03 - 18:03  (00:00)
lvwenzhuo  ttys000                   Wed Feb 10 18:01 - 18:01  (00:00)
lvwenzhuo  console                   Wed Feb 10 17:59   still logged in
reboot    ~                         Wed Feb 10 17:59 
shutdown  ~                         Wed Feb 10 16:33 
lvwenzhuo  console                   Wed Feb 10 09:25 - 16:33  (07:07)
reboot    ~                         Wed Feb 10 09:25 

wtmp begins Wed Feb 10 09:25 
